Using pre-set license
Built from '2020.3/staging' branch; Version is '2020.3.29f1 (2ff179115da0) revision 3142009'; Using compiler version '192528614'; Build Type 'Release'
OS: 'Windows 10  (10.0.19044) 64bit Professional' Language: 'pt' Physical Memory: 32694 MB
BatchMode: 1, IsHumanControllingUs: 0, StartBugReporterOnCrash: 0, Is64bit: 1, IsPro: 0

COMMAND LINE ARGUMENTS:
C:\Program Files\Unity\Hub\Editor\2020.3.29f1\Editor\Unity.exe
-adb2
-batchMode
-noUpm
-name
AssetImportWorker0
-projectPath
C:/Users/robju/OneDrive/Documentos/GitHub/FlappyBird-Clone/Flappy_Bird
-logFile
Logs/AssetImportWorker0.log
-srvPort
59981
Successfully changed project path to: C:/Users/robju/OneDrive/Documentos/GitHub/FlappyBird-Clone/Flappy_Bird
C:/Users/robju/OneDrive/Documentos/GitHub/FlappyBird-Clone/Flappy_Bird
Using Asset Import Pipeline V2.
Refreshing native plugins compatible for Editor in 32.79 ms, found 3 plugins.
Preloading 0 native plugins for Editor in 0.00 ms.
Initialize engine version: 2020.3.29f1 (2ff179115da0)
[Subsystems] Discovering subsystems at path C:/Program Files/Unity/Hub/Editor/2020.3.29f1/Editor/Data/Resources/UnitySubsystems
[Subsystems] Discovering subsystems at path C:/Users/robju/OneDrive/Documentos/GitHub/FlappyBird-Clone/Flappy_Bird/Assets
GfxDevice: creating device client; threaded=0
Direct3D:
    Version:  Direct3D 11.0 [level 11.1]
    Renderer: AMD Radeon RX 6600 (ID=0x73ff)
    Vendor:   
    VRAM:     8147 MB
    Driver:   30.0.15021.11005
Initialize mono
Mono path[0] = 'C:/Program Files/Unity/Hub/Editor/2020.3.29f1/Editor/Data/Managed'
Mono path[1] = 'C:/Program Files/Unity/Hub/Editor/2020.3.29f1/Editor/Data/MonoBleedingEdge/lib/mono/unityjit'
Mono config path = 'C:/Program Files/Unity/Hub/Editor/2020.3.29f1/Editor/Data/MonoBleedingEdge/etc'
Using monoOptions --debugger-agent=transport=dt_socket,embedding=1,server=y,suspend=n,address=127.0.0.1:56616
Begin MonoManager ReloadAssembly
Registering precompiled unity dll's ...
Register platform support module: C:/Program Files/Unity/Hub/Editor/2020.3.29f1/Editor/Data/PlaybackEngines/WebGLSupport/UnityEditor.WebGL.Extensions.dll
Register platform support module: C:/Program Files/Unity/Hub/Editor/2020.3.29f1/Editor/Data/PlaybackEngines/WindowsStandaloneSupport/UnityEditor.WindowsStandalone.Extensions.dll
Registered in 0.001950 seconds.
Native extension for WindowsStandalone target not found
Native extension for WebGL target not found
Refreshing native plugins compatible for Editor in 32.74 ms, found 3 plugins.
Preloading 0 native plugins for Editor in 0.00 ms.
Mono: successfully reloaded assembly
- Completed reload, in  0.387 seconds
Domain Reload Profiling:
	ReloadAssembly (387ms)
		BeginReloadAssembly (45ms)
			ExecutionOrderSort (0ms)
			DisableScriptedObjects (0ms)
			BackupInstance (0ms)
			ReleaseScriptingObjects (0ms)
			CreateAndSetChildDomain (1ms)
		EndReloadAssembly (294ms)
			LoadAssemblies (44ms)
			RebuildTransferFunctionScriptingTraits (0ms)
			SetupTypeCache (90ms)
			ReleaseScriptCaches (0ms)
			RebuildScriptCaches (18ms)
			SetupLoadedEditorAssemblies (116ms)
				LogAssemblyErrors (0ms)
				InitializePlatformSupportModulesInManaged (3ms)
				SetLoadedEditorAssemblies (0ms)
				RefreshPlugins (33ms)
				BeforeProcessingInitializeOnLoad (9ms)
				ProcessInitializeOnLoadAttributes (53ms)
				ProcessInitializeOnLoadMethodAttributes (17ms)
				AfterProcessingInitializeOnLoad (0ms)
				EditorAssembliesLoaded (0ms)
			ExecutionOrderSort2 (0ms)
			AwakeInstancesAfterBackupRestoration (0ms)
Platform modules already initialized, skipping
Registering precompiled user dll's ...
Registered in 0.002683 seconds.
Begin MonoManager ReloadAssembly
Native extension for WindowsStandalone target not found
Native extension for WebGL target not found
Refreshing native plugins compatible for Editor in 31.66 ms, found 3 plugins.
Preloading 0 native plugins for Editor in 0.00 ms.
Mono: successfully reloaded assembly
- Completed reload, in  0.718 seconds
Domain Reload Profiling:
	ReloadAssembly (719ms)
		BeginReloadAssembly (102ms)
			ExecutionOrderSort (0ms)
			DisableScriptedObjects (3ms)
			BackupInstance (0ms)
			ReleaseScriptingObjects (0ms)
			CreateAndSetChildDomain (16ms)
		EndReloadAssembly (575ms)
			LoadAssemblies (71ms)
			RebuildTransferFunctionScriptingTraits (0ms)
			SetupTypeCache (173ms)
			ReleaseScriptCaches (0ms)
			RebuildScriptCaches (28ms)
			SetupLoadedEditorAssemblies (237ms)
				LogAssemblyErrors (0ms)
				InitializePlatformSupportModulesInManaged (3ms)
				SetLoadedEditorAssemblies (0ms)
				RefreshPlugins (32ms)
				BeforeProcessingInitializeOnLoad (59ms)
				ProcessInitializeOnLoadAttributes (126ms)
				ProcessInitializeOnLoadMethodAttributes (11ms)
				AfterProcessingInitializeOnLoad (6ms)
				EditorAssembliesLoaded (0ms)
			ExecutionOrderSort2 (0ms)
			AwakeInstancesAfterBackupRestoration (4ms)
Platform modules already initialized, skipping
========================================================================
Worker process is ready to serve import requests
Launched and connected shader compiler UnityShaderCompiler.exe after 0.04 seconds
Refreshing native plugins compatible for Editor in 0.48 ms, found 3 plugins.
Preloading 0 native plugins for Editor in 0.00 ms.
Unloading 2196 Unused Serialized files (Serialized files now loaded: 0)
System memory in use before: 95.8 MB.
System memory in use after: 95.7 MB.

Unloading 31 unused Assets to reduce memory usage. Loaded Objects now: 2626.
Total: 2.597800 ms (FindLiveObjects: 0.131500 ms CreateObjectMapping: 0.055400 ms MarkObjects: 2.297300 ms  DeleteObjects: 0.112900 ms)

AssetImportParameters requested are different than current active one (requested -> active):
  custom:framework-win-MediaFoundation: 216162199b28c13a410421893ffa2e32 -> 
  custom:video-decoder-ogg-theora: a1e56fd34408186e4bbccfd4996cb3dc -> 
  custom:container-muxer-webm: aa71ff27fc2769a1b78a27578f13a17b -> 
  custom:container-demuxer-webm: 4f35f7cbe854078d1ac9338744f61a02 -> 
  custom:container-demuxer-ogg: 62fdf1f143b41e24485cea50d1cbac27 -> 
  custom:video-encoder-webm-vp8: eb34c28f22e8b96e1ab97ce403110664 -> 
  custom:video-decoder-webm-vp8: 9c59270c3fd7afecdb556c50c9e8de78 -> 
  custom:audio-decoder-ogg-vorbis: bf7c407c2cedff20999df2af8eb42d56 -> 
  custom:audio-encoder-webm-vorbis: bf7c407c2cedff20999df2af8eb42d56 -> 
========================================================================
Received Import Request.
  path: Assets
  artifactKey: Guid(00000000000000001000000000000000) Importer(815301076,1909f56bfc062723c751e8b465ee728b)
Start importing Assets using Guid(00000000000000001000000000000000) Importer(815301076,1909f56bfc062723c751e8b465ee728b)  -> (artifact id: '42d402b061de3733987d63b9cc3b64de') in 0.006861 seconds 
  Import took 0.009540 seconds .

========================================================================
Received Import Request.
  Time since last request: 1.623133 seconds.
  path: Assets/Art
  artifactKey: Guid(f2865072d87e0d140be9f4e8883d9d71) Importer(815301076,1909f56bfc062723c751e8b465ee728b)
Start importing Assets/Art using Guid(f2865072d87e0d140be9f4e8883d9d71) Importer(815301076,1909f56bfc062723c751e8b465ee728b)  -> (artifact id: '441bbea102ff3fb8c82a7d337e1d4a05') in 0.005074 seconds 
  Import took 0.008428 seconds .

========================================================================
Received Import Request.
  Time since last request: 6.568118 seconds.
  path: Assets/Art/Sprites
  artifactKey: Guid(9269f4deae796954197cf7719d268af3) Importer(815301076,1909f56bfc062723c751e8b465ee728b)
Start importing Assets/Art/Sprites using Guid(9269f4deae796954197cf7719d268af3) Importer(815301076,1909f56bfc062723c751e8b465ee728b)  -> (artifact id: '0dbfc22cd6d1619725182196e216606d') in 0.004577 seconds 
  Import took 0.007816 seconds .

========================================================================
Received Import Request.
  Time since last request: 10.862614 seconds.
  path: Assets/Art/Sprites/Mobile - Flappy Bird - Version 12 Sprites.png
  artifactKey: Guid(dea29acdf3af2764f9aaec3316d4d0ba) Importer(815301076,1909f56bfc062723c751e8b465ee728b)
Start importing Assets/Art/Sprites/Mobile - Flappy Bird - Version 12 Sprites.png using Guid(dea29acdf3af2764f9aaec3316d4d0ba) Importer(815301076,1909f56bfc062723c751e8b465ee728b)  -> (artifact id: '9eb050866934f45be82be5a40128cc7b') in 0.092687 seconds 
  Import took 0.095903 seconds .

========================================================================
Received Import Request.
  Time since last request: 16.911308 seconds.
  path: Assets/Art/Sprites/Mobile - Flappy Bird - Version 12 Sprites.png
  artifactKey: Guid(dea29acdf3af2764f9aaec3316d4d0ba) Importer(815301076,1909f56bfc062723c751e8b465ee728b)
Start importing Assets/Art/Sprites/Mobile - Flappy Bird - Version 12 Sprites.png using Guid(dea29acdf3af2764f9aaec3316d4d0ba) Importer(815301076,1909f56bfc062723c751e8b465ee728b)  -> (artifact id: 'a28e0cc0251638148115f7bde73c0c60') in 0.008193 seconds 
  Import took 0.011266 seconds .

========================================================================
Received Import Request.
  Time since last request: 131.303323 seconds.
  path: Assets/Art/Sprites/Mobile - Flappy Bird - Version 12 Sprites.png
  artifactKey: Guid(dea29acdf3af2764f9aaec3316d4d0ba) Importer(815301076,1909f56bfc062723c751e8b465ee728b)
Start importing Assets/Art/Sprites/Mobile - Flappy Bird - Version 12 Sprites.png using Guid(dea29acdf3af2764f9aaec3316d4d0ba) Importer(815301076,1909f56bfc062723c751e8b465ee728b)  -> (artifact id: '1850dcc5bd65c85cdab20456591ade71') in 0.099236 seconds 
  Import took 0.102916 seconds .

========================================================================
Received Import Request.
  Time since last request: 20.018171 seconds.
  path: Assets/Art/Sprites/Background
  artifactKey: Guid(a26a1188fa1db644fb340d989a300331) Importer(815301076,1909f56bfc062723c751e8b465ee728b)
Start importing Assets/Art/Sprites/Background using Guid(a26a1188fa1db644fb340d989a300331) Importer(815301076,1909f56bfc062723c751e8b465ee728b)  -> (artifact id: 'df2ad17bfbb3a70046d4ed68fcb47c2c') in 0.004616 seconds 
  Import took 0.008102 seconds .

========================================================================
Received Import Request.
  Time since last request: 14.597178 seconds.
  path: Assets/Art/Sprites/FlappyBirds
  artifactKey: Guid(d4f168a29fc01c547b407228841fa931) Importer(815301076,1909f56bfc062723c751e8b465ee728b)
Start importing Assets/Art/Sprites/FlappyBirds using Guid(d4f168a29fc01c547b407228841fa931) Importer(815301076,1909f56bfc062723c751e8b465ee728b)  -> (artifact id: 'dcb8aafd4fb998877c31a105b186586d') in 0.004738 seconds 
  Import took 0.007617 seconds .

========================================================================
Received Import Request.
  Time since last request: 20.635090 seconds.
  path: Assets/Art/Sprites/New Folder
  artifactKey: Guid(a9cc93a74b280c64a9a3c6ee9f9375bc) Importer(815301076,1909f56bfc062723c751e8b465ee728b)
Start importing Assets/Art/Sprites/New Folder using Guid(a9cc93a74b280c64a9a3c6ee9f9375bc) Importer(815301076,1909f56bfc062723c751e8b465ee728b)  -> (artifact id: '5b1a85a79021c42a33c2d1d02766b091') in 0.004654 seconds 
  Import took 0.008044 seconds .

========================================================================
Received Import Request.
  Time since last request: 4.340502 seconds.
  path: Assets/Art/Sprites/Pipe
  artifactKey: Guid(a9cc93a74b280c64a9a3c6ee9f9375bc) Importer(815301076,1909f56bfc062723c751e8b465ee728b)
Start importing Assets/Art/Sprites/Pipe using Guid(a9cc93a74b280c64a9a3c6ee9f9375bc) Importer(815301076,1909f56bfc062723c751e8b465ee728b)  -> (artifact id: 'f1a4dd5f9aeda24eafca5de5917a961f') in 0.004839 seconds 
  Import took 0.008014 seconds .

========================================================================
Received Import Request.
  Time since last request: 6.386035 seconds.
  path: Assets/Art/Sprites/UI
  artifactKey: Guid(34d4182879b4da64184740b24f937849) Importer(815301076,1909f56bfc062723c751e8b465ee728b)
Start importing Assets/Art/Sprites/UI using Guid(34d4182879b4da64184740b24f937849) Importer(815301076,1909f56bfc062723c751e8b465ee728b)  -> (artifact id: 'ff345b74ccba426d4660c0b6cad1377f') in 0.004855 seconds 
  Import took 0.007841 seconds .

========================================================================
Received Import Request.
  Time since last request: 42.661665 seconds.
  path: Assets/Art/UI/Pontu
  artifactKey: Guid(bbba0db8e78304841add73123bbe7cc5) Importer(815301076,1909f56bfc062723c751e8b465ee728b)
Start importing Assets/Art/UI/Pontu using Guid(bbba0db8e78304841add73123bbe7cc5) Importer(815301076,1909f56bfc062723c751e8b465ee728b)  -> (artifact id: 'cbe68dfd560dd526d1bb0806a7d558ca') in 0.004878 seconds 
  Import took 0.008213 seconds .

========================================================================
Received Import Request.
  Time since last request: 5.331749 seconds.
  path: Assets/Art/UI/Score
  artifactKey: Guid(bbba0db8e78304841add73123bbe7cc5) Importer(815301076,1909f56bfc062723c751e8b465ee728b)
Start importing Assets/Art/UI/Score using Guid(bbba0db8e78304841add73123bbe7cc5) Importer(815301076,1909f56bfc062723c751e8b465ee728b)  -> (artifact id: '211c0b5103910923812fc00587f08eff') in 0.004827 seconds 
  Import took 0.007665 seconds .

========================================================================
Received Import Request.
  Time since last request: 12.135572 seconds.
  path: Assets/Art/UI/New Folder
  artifactKey: Guid(69da6177482896d4b8fd09e5b5b522c4) Importer(815301076,1909f56bfc062723c751e8b465ee728b)
Start importing Assets/Art/UI/New Folder using Guid(69da6177482896d4b8fd09e5b5b522c4) Importer(815301076,1909f56bfc062723c751e8b465ee728b)  -> (artifact id: '4b1edb4591335d15ff4ed861fab4df56') in 0.001784 seconds 
  Import took 0.004406 seconds .

========================================================================
Received Import Request.
  Time since last request: 419.052717 seconds.
  path: ProjectSettings/TagManager.asset
  artifactKey: Guid(00000000000000003000000000000000) Importer(815301076,1909f56bfc062723c751e8b465ee728b)
Start importing ProjectSettings/TagManager.asset using Guid(00000000000000003000000000000000) Importer(815301076,1909f56bfc062723c751e8b465ee728b)  -> (artifact id: '95df672b4aaba54310d34c83eef51bb8') in 0.008153 seconds 
  Import took 0.011755 seconds .

========================================================================
Received Import Request.
  Time since last request: 336.411271 seconds.
  path: ProjectSettings/TagManager.asset
  artifactKey: Guid(00000000000000003000000000000000) Importer(815301076,1909f56bfc062723c751e8b465ee728b)
Start importing ProjectSettings/TagManager.asset using Guid(00000000000000003000000000000000) Importer(815301076,1909f56bfc062723c751e8b465ee728b)  -> (artifact id: 'd84cbb049d865d958d0869b37e6e3ea5') in 0.002071 seconds 
  Import took 0.005229 seconds .

========================================================================
Received Import Request.
  Time since last request: 102.716073 seconds.
  path: Assets/Art/Animation/FlappyBird/New Animation.anim
  artifactKey: Guid(4c6a19d5d1d216e4099c25339d32a868) Importer(815301076,1909f56bfc062723c751e8b465ee728b)
Start importing Assets/Art/Animation/FlappyBird/New Animation.anim using Guid(4c6a19d5d1d216e4099c25339d32a868) Importer(815301076,1909f56bfc062723c751e8b465ee728b)  -> (artifact id: '8c9249b1dc21a7211477dfe8a2187064') in 0.006533 seconds 
  Import took 0.009569 seconds .

========================================================================
Received Import Request.
  Time since last request: 30.819899 seconds.
  path: Assets/Art/Animation/FlappyBird/ANIM_FlappyBirdYellow.anim
  artifactKey: Guid(4c6a19d5d1d216e4099c25339d32a868) Importer(815301076,1909f56bfc062723c751e8b465ee728b)
Start importing Assets/Art/Animation/FlappyBird/ANIM_FlappyBirdYellow.anim using Guid(4c6a19d5d1d216e4099c25339d32a868) Importer(815301076,1909f56bfc062723c751e8b465ee728b)  -> (artifact id: 'ddeeb90b4f946dec84b08159681f0f6f') in 0.005413 seconds 
  Import took 0.008181 seconds .

========================================================================
Received Import Request.
  Time since last request: 2.307527 seconds.
  path: Assets/Art/Animation/FlappyBird/PFB_FlappyBird.controller
  artifactKey: Guid(97e6e721d84f69048a57494a4420ee40) Importer(815301076,1909f56bfc062723c751e8b465ee728b)
Start importing Assets/Art/Animation/FlappyBird/PFB_FlappyBird.controller using Guid(97e6e721d84f69048a57494a4420ee40) Importer(815301076,1909f56bfc062723c751e8b465ee728b)  -> (artifact id: '26cd6a09592f648291f835af9c8983f1') in 0.006958 seconds 
  Import took 0.010196 seconds .

========================================================================
Received Prepare
Registering precompiled user dll's ...
Registered in 0.002905 seconds.
Begin MonoManager ReloadAssembly
Native extension for WindowsStandalone target not found
Native extension for WebGL target not found
Refreshing native plugins compatible for Editor in 0.45 ms, found 3 plugins.
Preloading 0 native plugins for Editor in 0.00 ms.
Mono: successfully reloaded assembly
- Completed reload, in  0.645 seconds
Domain Reload Profiling:
	ReloadAssembly (645ms)
		BeginReloadAssembly (90ms)
			ExecutionOrderSort (0ms)
			DisableScriptedObjects (4ms)
			BackupInstance (0ms)
			ReleaseScriptingObjects (0ms)
			CreateAndSetChildDomain (28ms)
		EndReloadAssembly (515ms)
			LoadAssemblies (66ms)
			RebuildTransferFunctionScriptingTraits (0ms)
			SetupTypeCache (164ms)
			ReleaseScriptCaches (1ms)
			RebuildScriptCaches (26ms)
			SetupLoadedEditorAssemblies (204ms)
				LogAssemblyErrors (0ms)
				InitializePlatformSupportModulesInManaged (4ms)
				SetLoadedEditorAssemblies (0ms)
				RefreshPlugins (0ms)
				BeforeProcessingInitializeOnLoad (67ms)
				ProcessInitializeOnLoadAttributes (119ms)
				ProcessInitializeOnLoadMethodAttributes (7ms)
				AfterProcessingInitializeOnLoad (5ms)
				EditorAssembliesLoaded (0ms)
			ExecutionOrderSort2 (0ms)
			AwakeInstancesAfterBackupRestoration (6ms)
Platform modules already initialized, skipping
Refreshing native plugins compatible for Editor in 0.45 ms, found 3 plugins.
Preloading 0 native plugins for Editor in 0.00 ms.
Unloading 2191 Unused Serialized files (Serialized files now loaded: 0)
System memory in use before: 98.8 MB.
System memory in use after: 98.8 MB.

Unloading 22 unused Assets to reduce memory usage. Loaded Objects now: 2700.
Total: 2.811600 ms (FindLiveObjects: 0.174000 ms CreateObjectMapping: 0.071600 ms MarkObjects: 2.484100 ms  DeleteObjects: 0.081200 ms)

AssetImportParameters requested are different than current active one (requested -> active):
  custom:framework-win-MediaFoundation: 216162199b28c13a410421893ffa2e32 -> 
  custom:video-decoder-ogg-theora: a1e56fd34408186e4bbccfd4996cb3dc -> 
  custom:container-muxer-webm: aa71ff27fc2769a1b78a27578f13a17b -> 
  custom:container-demuxer-webm: 4f35f7cbe854078d1ac9338744f61a02 -> 
  custom:container-demuxer-ogg: 62fdf1f143b41e24485cea50d1cbac27 -> 
  custom:video-encoder-webm-vp8: eb34c28f22e8b96e1ab97ce403110664 -> 
  custom:video-decoder-webm-vp8: 9c59270c3fd7afecdb556c50c9e8de78 -> 
  custom:audio-decoder-ogg-vorbis: bf7c407c2cedff20999df2af8eb42d56 -> 
  custom:audio-encoder-webm-vorbis: bf7c407c2cedff20999df2af8eb42d56 -> 
========================================================================
Received Prepare
Registering precompiled user dll's ...
Registered in 0.002468 seconds.
Begin MonoManager ReloadAssembly
Native extension for WindowsStandalone target not found
Native extension for WebGL target not found
Refreshing native plugins compatible for Editor in 0.55 ms, found 3 plugins.
Preloading 0 native plugins for Editor in 0.00 ms.
Mono: successfully reloaded assembly
- Completed reload, in  0.647 seconds
Domain Reload Profiling:
	ReloadAssembly (648ms)
		BeginReloadAssembly (86ms)
			ExecutionOrderSort (0ms)
			DisableScriptedObjects (4ms)
			BackupInstance (0ms)
			ReleaseScriptingObjects (0ms)
			CreateAndSetChildDomain (26ms)
		EndReloadAssembly (520ms)
			LoadAssemblies (68ms)
			RebuildTransferFunctionScriptingTraits (0ms)
			SetupTypeCache (167ms)
			ReleaseScriptCaches (1ms)
			RebuildScriptCaches (26ms)
			SetupLoadedEditorAssemblies (204ms)
				LogAssemblyErrors (0ms)
				InitializePlatformSupportModulesInManaged (4ms)
				SetLoadedEditorAssemblies (0ms)
				RefreshPlugins (1ms)
				BeforeProcessingInitializeOnLoad (70ms)
				ProcessInitializeOnLoadAttributes (117ms)
				ProcessInitializeOnLoadMethodAttributes (7ms)
				AfterProcessingInitializeOnLoad (5ms)
				EditorAssembliesLoaded (0ms)
			ExecutionOrderSort2 (0ms)
			AwakeInstancesAfterBackupRestoration (6ms)
Platform modules already initialized, skipping
Refreshing native plugins compatible for Editor in 0.50 ms, found 3 plugins.
Preloading 0 native plugins for Editor in 0.00 ms.
Unloading 2191 Unused Serialized files (Serialized files now loaded: 0)
System memory in use before: 98.8 MB.
System memory in use after: 98.8 MB.

Unloading 20 unused Assets to reduce memory usage. Loaded Objects now: 2702.
Total: 2.481700 ms (FindLiveObjects: 0.124500 ms CreateObjectMapping: 0.053200 ms MarkObjects: 2.210500 ms  DeleteObjects: 0.092900 ms)

AssetImportParameters requested are different than current active one (requested -> active):
  custom:framework-win-MediaFoundation: 216162199b28c13a410421893ffa2e32 -> 
  custom:video-decoder-ogg-theora: a1e56fd34408186e4bbccfd4996cb3dc -> 
  custom:container-muxer-webm: aa71ff27fc2769a1b78a27578f13a17b -> 
  custom:container-demuxer-webm: 4f35f7cbe854078d1ac9338744f61a02 -> 
  custom:container-demuxer-ogg: 62fdf1f143b41e24485cea50d1cbac27 -> 
  custom:video-encoder-webm-vp8: eb34c28f22e8b96e1ab97ce403110664 -> 
  custom:video-decoder-webm-vp8: 9c59270c3fd7afecdb556c50c9e8de78 -> 
  custom:audio-decoder-ogg-vorbis: bf7c407c2cedff20999df2af8eb42d56 -> 
  custom:audio-encoder-webm-vorbis: bf7c407c2cedff20999df2af8eb42d56 -> 
========================================================================
Received Import Request.
  Time since last request: 216.226349 seconds.
  path: Assets/Scripts
  artifactKey: Guid(311289bbfadc5c441abcde32ddcc0b47) Importer(815301076,1909f56bfc062723c751e8b465ee728b)
Start importing Assets/Scripts using Guid(311289bbfadc5c441abcde32ddcc0b47) Importer(815301076,1909f56bfc062723c751e8b465ee728b)  -> (artifact id: '577c6a784142bf68216d4cdd62548b77') in 0.007469 seconds 
  Import took 0.010538 seconds .

========================================================================
Received Import Request.
  Time since last request: 8.943362 seconds.
  path: Assets/Scripts/FlappyBird
  artifactKey: Guid(05248fa433484c140b115f910601bde9) Importer(815301076,1909f56bfc062723c751e8b465ee728b)
Start importing Assets/Scripts/FlappyBird using Guid(05248fa433484c140b115f910601bde9) Importer(815301076,1909f56bfc062723c751e8b465ee728b)  -> (artifact id: '3ab858a22c39757f084f394af518fe28') in 0.004836 seconds 
  Import took 0.007537 seconds .

========================================================================
Received Import Request.
  Time since last request: 11.936215 seconds.
  path: Assets/Scripts/FlappyBird/FlappyBirdMovement.cs
  artifactKey: Guid(23b785cf59ca2ec4ea03d9526d4eb684) Importer(815301076,1909f56bfc062723c751e8b465ee728b)
Start importing Assets/Scripts/FlappyBird/FlappyBirdMovement.cs using Guid(23b785cf59ca2ec4ea03d9526d4eb684) Importer(815301076,1909f56bfc062723c751e8b465ee728b)  -> (artifact id: 'a865f09b0d5fcf1ec4862b3714a3f895') in 0.009629 seconds 
  Import took 0.012583 seconds .

========================================================================
Received Prepare
Registering precompiled user dll's ...
Registered in 0.002504 seconds.
Begin MonoManager ReloadAssembly
Native extension for WindowsStandalone target not found
Native extension for WebGL target not found
Refreshing native plugins compatible for Editor in 0.50 ms, found 3 plugins.
Preloading 0 native plugins for Editor in 0.00 ms.
Mono: successfully reloaded assembly
- Completed reload, in  0.644 seconds
Domain Reload Profiling:
	ReloadAssembly (644ms)
		BeginReloadAssembly (90ms)
			ExecutionOrderSort (0ms)
			DisableScriptedObjects (5ms)
			BackupInstance (0ms)
			ReleaseScriptingObjects (0ms)
			CreateAndSetChildDomain (28ms)
		EndReloadAssembly (513ms)
			LoadAssemblies (67ms)
			RebuildTransferFunctionScriptingTraits (0ms)
			SetupTypeCache (163ms)
			ReleaseScriptCaches (1ms)
			RebuildScriptCaches (25ms)
			SetupLoadedEditorAssemblies (203ms)
				LogAssemblyErrors (0ms)
				InitializePlatformSupportModulesInManaged (4ms)
				SetLoadedEditorAssemblies (0ms)
				RefreshPlugins (1ms)
				BeforeProcessingInitializeOnLoad (69ms)
				ProcessInitializeOnLoadAttributes (117ms)
				ProcessInitializeOnLoadMethodAttributes (7ms)
				AfterProcessingInitializeOnLoad (5ms)
				EditorAssembliesLoaded (0ms)
			ExecutionOrderSort2 (0ms)
			AwakeInstancesAfterBackupRestoration (6ms)
Platform modules already initialized, skipping
Refreshing native plugins compatible for Editor in 0.51 ms, found 3 plugins.
Preloading 0 native plugins for Editor in 0.00 ms.
Unloading 2192 Unused Serialized files (Serialized files now loaded: 0)
System memory in use before: 98.9 MB.
System memory in use after: 98.8 MB.

Unloading 20 unused Assets to reduce memory usage. Loaded Objects now: 2705.
Total: 2.495300 ms (FindLiveObjects: 0.168000 ms CreateObjectMapping: 0.049800 ms MarkObjects: 2.167200 ms  DeleteObjects: 0.109300 ms)

AssetImportParameters requested are different than current active one (requested -> active):
  custom:framework-win-MediaFoundation: 216162199b28c13a410421893ffa2e32 -> 
  custom:video-decoder-ogg-theora: a1e56fd34408186e4bbccfd4996cb3dc -> 
  custom:container-muxer-webm: aa71ff27fc2769a1b78a27578f13a17b -> 
  custom:container-demuxer-webm: 4f35f7cbe854078d1ac9338744f61a02 -> 
  custom:container-demuxer-ogg: 62fdf1f143b41e24485cea50d1cbac27 -> 
  custom:video-encoder-webm-vp8: eb34c28f22e8b96e1ab97ce403110664 -> 
  custom:video-decoder-webm-vp8: 9c59270c3fd7afecdb556c50c9e8de78 -> 
  custom:audio-decoder-ogg-vorbis: bf7c407c2cedff20999df2af8eb42d56 -> 
  custom:audio-encoder-webm-vorbis: bf7c407c2cedff20999df2af8eb42d56 -> 
========================================================================
Received Prepare
Registering precompiled user dll's ...
Registered in 0.002639 seconds.
Begin MonoManager ReloadAssembly
Native extension for WindowsStandalone target not found
Native extension for WebGL target not found
Refreshing native plugins compatible for Editor in 0.54 ms, found 3 plugins.
Preloading 0 native plugins for Editor in 0.00 ms.
Mono: successfully reloaded assembly
- Completed reload, in  0.654 seconds
Domain Reload Profiling:
	ReloadAssembly (655ms)
		BeginReloadAssembly (89ms)
			ExecutionOrderSort (0ms)
			DisableScriptedObjects (4ms)
			BackupInstance (0ms)
			ReleaseScriptingObjects (0ms)
			CreateAndSetChildDomain (26ms)
		EndReloadAssembly (521ms)
			LoadAssemblies (69ms)
			RebuildTransferFunctionScriptingTraits (0ms)
			SetupTypeCache (166ms)
			ReleaseScriptCaches (1ms)
			RebuildScriptCaches (25ms)
			SetupLoadedEditorAssemblies (208ms)
				LogAssemblyErrors (0ms)
				InitializePlatformSupportModulesInManaged (4ms)
				SetLoadedEditorAssemblies (0ms)
				RefreshPlugins (1ms)
				BeforeProcessingInitializeOnLoad (72ms)
				ProcessInitializeOnLoadAttributes (117ms)
				ProcessInitializeOnLoadMethodAttributes (8ms)
				AfterProcessingInitializeOnLoad (5ms)
				EditorAssembliesLoaded (0ms)
			ExecutionOrderSort2 (0ms)
			AwakeInstancesAfterBackupRestoration (6ms)
Platform modules already initialized, skipping
Refreshing native plugins compatible for Editor in 0.49 ms, found 3 plugins.
Preloading 0 native plugins for Editor in 0.00 ms.
Unloading 2192 Unused Serialized files (Serialized files now loaded: 0)
System memory in use before: 98.9 MB.
System memory in use after: 98.9 MB.

Unloading 20 unused Assets to reduce memory usage. Loaded Objects now: 2707.
Total: 2.610800 ms (FindLiveObjects: 0.160200 ms CreateObjectMapping: 0.056500 ms MarkObjects: 2.302800 ms  DeleteObjects: 0.090700 ms)

AssetImportParameters requested are different than current active one (requested -> active):
  custom:framework-win-MediaFoundation: 216162199b28c13a410421893ffa2e32 -> 
  custom:video-decoder-ogg-theora: a1e56fd34408186e4bbccfd4996cb3dc -> 
  custom:container-muxer-webm: aa71ff27fc2769a1b78a27578f13a17b -> 
  custom:container-demuxer-webm: 4f35f7cbe854078d1ac9338744f61a02 -> 
  custom:container-demuxer-ogg: 62fdf1f143b41e24485cea50d1cbac27 -> 
  custom:video-encoder-webm-vp8: eb34c28f22e8b96e1ab97ce403110664 -> 
  custom:video-decoder-webm-vp8: 9c59270c3fd7afecdb556c50c9e8de78 -> 
  custom:audio-decoder-ogg-vorbis: bf7c407c2cedff20999df2af8eb42d56 -> 
  custom:audio-encoder-webm-vorbis: bf7c407c2cedff20999df2af8eb42d56 -> 
========================================================================
Received Prepare
Registering precompiled user dll's ...
Registered in 0.002560 seconds.
Begin MonoManager ReloadAssembly
Native extension for WindowsStandalone target not found
Native extension for WebGL target not found
Refreshing native plugins compatible for Editor in 36.17 ms, found 3 plugins.
Preloading 0 native plugins for Editor in 0.00 ms.
Mono: successfully reloaded assembly
- Completed reload, in  0.550 seconds
Domain Reload Profiling:
	ReloadAssembly (551ms)
		BeginReloadAssembly (89ms)
			ExecutionOrderSort (0ms)
			DisableScriptedObjects (4ms)
			BackupInstance (0ms)
			ReleaseScriptingObjects (0ms)
			CreateAndSetChildDomain (27ms)
		EndReloadAssembly (418ms)
			LoadAssemblies (60ms)
			RebuildTransferFunctionScriptingTraits (0ms)
			SetupTypeCache (124ms)
			ReleaseScriptCaches (1ms)
			RebuildScriptCaches (22ms)
			SetupLoadedEditorAssemblies (148ms)
				LogAssemblyErrors (0ms)
				InitializePlatformSupportModulesInManaged (4ms)
				SetLoadedEditorAssemblies (0ms)
				RefreshPlugins (36ms)
				BeforeProcessingInitializeOnLoad (50ms)
				ProcessInitializeOnLoadAttributes (50ms)
				ProcessInitializeOnLoadMethodAttributes (3ms)
				AfterProcessingInitializeOnLoad (6ms)
				EditorAssembliesLoaded (0ms)
			ExecutionOrderSort2 (0ms)
			AwakeInstancesAfterBackupRestoration (5ms)
Platform modules already initialized, skipping
Refreshing native plugins compatible for Editor in 1.18 ms, found 3 plugins.
Preloading 0 native plugins for Editor in 0.00 ms.
Unloading 2530 Unused Serialized files (Serialized files now loaded: 0)
System memory in use before: 110.7 MB.
System memory in use after: 110.8 MB.

Unloading 19 unused Assets to reduce memory usage. Loaded Objects now: 3044.
Total: 2.743300 ms (FindLiveObjects: 0.229400 ms CreateObjectMapping: 0.060400 ms MarkObjects: 2.290700 ms  DeleteObjects: 0.161700 ms)

AssetImportParameters requested are different than current active one (requested -> active):
  custom:framework-win-MediaFoundation: 216162199b28c13a410421893ffa2e32 -> 
  custom:video-decoder-ogg-theora: a1e56fd34408186e4bbccfd4996cb3dc -> 
  custom:container-muxer-webm: aa71ff27fc2769a1b78a27578f13a17b -> 
  custom:container-demuxer-webm: 4f35f7cbe854078d1ac9338744f61a02 -> 
  custom:container-demuxer-ogg: 62fdf1f143b41e24485cea50d1cbac27 -> 
  custom:video-encoder-webm-vp8: eb34c28f22e8b96e1ab97ce403110664 -> 
  custom:video-decoder-webm-vp8: 9c59270c3fd7afecdb556c50c9e8de78 -> 
  custom:audio-decoder-ogg-vorbis: bf7c407c2cedff20999df2af8eb42d56 -> 
  custom:audio-encoder-webm-vorbis: bf7c407c2cedff20999df2af8eb42d56 -> 
AssetImportWorkerClient::OnTransportError - code=2 error=End of file
